0 info it worked if it ends with ok
1 verbose cli [ '/home/mariusz/.nvm/versions/node/v6.0.0/bin/node',
1 verbose cli   '/home/mariusz/.nvm/versions/node/v6.0.0/bin/npm',
1 verbose cli   'run',
1 verbose cli   'watch' ]
2 info using npm@3.8.6
3 info using node@v6.0.0
4 verbose run-script [ 'prewatch', 'watch', 'postwatch' ]
5 info lifecycle mavrix.rec@1.0.0~prewatch: mavrix.rec@1.0.0
6 silly lifecycle mavrix.rec@1.0.0~prewatch: no script for prewatch, continuing
7 info lifecycle mavrix.rec@1.0.0~watch: mavrix.rec@1.0.0
8 verbose lifecycle mavrix.rec@1.0.0~watch: unsafe-perm in lifecycle true
9 verbose lifecycle mavrix.rec@1.0.0~watch: PATH: /home/mariusz/.nvm/versions/node/v6.0.0/lib/node_modules/npm/bin/node-gyp-bin:/home/mariusz/mavrix.rec/node_modules/.bin:/home/mariusz/.nvm/versions/node/v6.0.0/bin:/home/mariusz/.nvm/versions/node/v6.0.0/bin:/home/mariusz/activator-1.3.9-minimal/bin:/home/mariusz/activator-1.3.9-minimal/bin:/usr/local/sbin:/usr/local/bin:/usr/sbin:/usr/bin:/sbin:/bin:/usr/games:/usr/local/games
10 verbose lifecycle mavrix.rec@1.0.0~watch: CWD: /home/mariusz/mavrix.rec
11 silly lifecycle mavrix.rec@1.0.0~watch: Args: [ '-c', ' -w' ]
12 info lifecycle mavrix.rec@1.0.0~watch: Failed to exec watch script
13 verbose stack Error: mavrix.rec@1.0.0 watch: ` -w`
13 verbose stack spawn ENOENT
13 verbose stack     at ChildProcess.<anonymous> (/home/mariusz/.nvm/versions/node/v6.0.0/lib/node_modules/npm/lib/utils/spawn.js:17:16)
13 verbose stack     at emitTwo (events.js:106:13)
13 verbose stack     at ChildProcess.emit (events.js:191:7)
13 verbose stack     at maybeClose (internal/child_process.js:850:16)
13 verbose stack     at Process.ChildProcess._handle.onexit (internal/child_process.js:215:5)
14 verbose pkgid mavrix.rec@1.0.0
15 verbose cwd /home/mariusz/mavrix.rec
16 error Linux 3.19.0-32-generic
17 error argv "/home/mariusz/.nvm/versions/node/v6.0.0/bin/node" "/home/mariusz/.nvm/versions/node/v6.0.0/bin/npm" "run" "watch"
18 error node v6.0.0
19 error npm  v3.8.6
20 error file sh
21 error code ELIFECYCLE
22 error errno ENOENT
23 error syscall spawn
24 error mavrix.rec@1.0.0 watch: ` -w`
24 error spawn ENOENT
25 error Failed at the mavrix.rec@1.0.0 watch script ' -w'.
25 error Make sure you have the latest version of node.js and npm installed.
25 error If you do, this is most likely a problem with the mavrix.rec package,
25 error not with npm itself.
25 error Tell the author that this fails on your system:
25 error      -w
25 error You can get information on how to open an issue for this project with:
25 error     npm bugs mavrix.rec
25 error Or if that isn't available, you can get their info via:
25 error     npm owner ls mavrix.rec
25 error There is likely additional logging output above.
26 verbose exit [ 1, true ]
